<?xml version="1.0" encoding="UTF-8"?>
<testsuite xmlns:xsi="http://www.w3.org/2001/XMLSchema-instance" xsi:noNamespaceSchemaLocation="https://maven.apache.org/surefire/maven-surefire-plugin/xsd/surefire-test-report.xsd" name="edu.nf.shopping.warehouse.dao.test.WarehouseInfoDaoTest" time="0.32" tests="4" errors="0" skipped="0" failures="0">
  <properties>
[...]
</properties>
  <testcase name="insertWarehouse" classname="edu.nf.shopping.warehouse.dao.test.WarehouseInfoDaoTest" time="0.1"/>
  <testcase name="listWarehouseCity" classname="edu.nf.shopping.warehouse.dao.test.WarehouseInfoDaoTest" time="0.059"/>
  <testcase name="listWarehouse" classname="edu.nf.shopping.warehouse.dao.test.WarehouseInfoDaoTest" time="0.055"/>
  <testcase name="updateWarehouseByCityName" classname="edu.nf.shopping.warehouse.dao.test.WarehouseInfoDaoTest" time="0.08"/>
</testsuite>